2017-09-29 08:37:17 Error: Fatal Error (1): Call to a member function create() on boolean in [C:\xampp\htdocs\bongdak.com\src\Controller\UploadsController.php, line 19]
Request URL: /upload/add
Referer URL: http://localhost:8080/bongdak.com/upload/add
Trace:
Cake\Error\BaseErrorHandler::handleFatalError() - CORE\src\Error\BaseErrorHandler.php, line 223
Cake\Error\BaseErrorHandler::Cake\Error\{closure}() - CORE\src\Error\BaseErrorHandler.php, line 105
[main] - [internal], line ??



2017-09-29 08:37:17 Error: [Cake\Error\FatalErrorException] Call to a member function create() on boolean in C:\xampp\htdocs\bongdak.com\src\Controller\UploadsController.php on line 19
Request URL: /upload/add
Referer URL: http://localhost:8080/bongdak.com/upload/add
Stack Trace:
#0 C:\xampp\htdocs\bongdak.com\vendor\cakephp\cakephp\src\Error\BaseErrorHandler.php(105): Cake\Error\BaseErrorHandler->handleFatalError(1, 'Call to a membe...', 'C:\\xampp\\htdocs...', 19)
#1 [internal function]: Cake\Error\BaseErrorHandler->Cake\Error\{closure}()
#2 {main}


2017-09-29 08:40:30 Error: asf
2017-09-29 08:40:30 Error: asdfdaf
2017-09-29 08:40:30 Error: Array
(
    [tmp_name] => C:\xampp\tmp\php95CE.tmp
    [error] => 0
    [name] => Arsenal-Training-Session.jpg
    [type] => image/jpeg
    [size] => 37541
)

2017-09-29 08:41:44 Error: infodasfasdf
2017-09-29 08:41:44 Error: adfasfa
2017-09-29 08:41:44 Error: sfadsfas
2017-09-29 08:41:44 Error: Array
(
    [tmp_name] => 
    [error] => 4
    [name] => 
    [type] => 
    [size] => 0
)

2017-09-29 09:09:41 Warning: Warning (2): move_uploaded_file(C:\xampp\htdocs\bongdak.com\src\webroot/uploads\Arsenal-Training-Session.jpg): failed to open stream: No such file or directory in [C:\xampp\htdocs\bongdak.com\src\Controller\UploadsController.php, line 29]
Request URL: /upload/add
Referer URL: http://localhost:8080/bongdak.com/upload/add
Trace:
Cake\Error\BaseErrorHandler::handleError() - CORE\src\Error\BaseErrorHandler.php, line 153
move_uploaded_file - [internal], line ??
App\Controller\UploadsController::add() - APP/Controller\UploadsController.php, line 29
Cake\Controller\Controller::invokeAction() - CORE\src\Controller\Controller.php, line 440
Cake\Http\ActionDispatcher::_invoke() - CORE\src\Http\ActionDispatcher.php, line 119
Cake\Http\ActionDispatcher::dispatch() - CORE\src\Http\ActionDispatcher.php, line 93
Cake\Http\BaseApplication::__invoke() - CORE\src\Http\BaseApplication.php, line 78
Cake\Http\Runner::__invoke() - CORE\src\Http\Runner.php, line 65
Cake\Routing\Middleware\RoutingMiddleware::__invoke() - CORE\src\Routing\Middleware\RoutingMiddleware.php, line 59
Cake\Http\Runner::__invoke() - CORE\src\Http\Runner.php, line 65
Cake\Routing\Middleware\AssetMiddleware::__invoke() - CORE\src\Routing\Middleware\AssetMiddleware.php, line 88
Cake\Http\Runner::__invoke() - CORE\src\Http\Runner.php, line 65
Cake\Error\Middleware\ErrorHandlerMiddleware::__invoke() - CORE\src\Error\Middleware\ErrorHandlerMiddleware.php, line 92
Cake\Http\Runner::__invoke() - CORE\src\Http\Runner.php, line 65
DebugKit\Middleware\DebugKitMiddleware::__invoke() - ROOT\vendor\cakephp\debug_kit\src\Middleware\DebugKitMiddleware.php, line 52
Cake\Http\Runner::__invoke() - CORE\src\Http\Runner.php, line 65
Cake\Http\Runner::run() - CORE\src\Http\Runner.php, line 51
Cake\Http\Server::run() - CORE\src\Http\Server.php, line 80
[main] - ROOT\webroot\index.php, line 37



2017-09-29 09:09:41 Warning: Warning (2): move_uploaded_file() [<a href='https://secure.php.net/function.move-uploaded-file'>function.move-uploaded-file</a>]: Unable to move 'C:\xampp\tmp\php4EA7.tmp' to 'C:\xampp\htdocs\bongdak.com\src\webroot/uploads\Arsenal-Training-Session.jpg' in [C:\xampp\htdocs\bongdak.com\src\Controller\UploadsController.php, line 29]
Request URL: /upload/add
Referer URL: http://localhost:8080/bongdak.com/upload/add
Trace:
Cake\Error\BaseErrorHandler::handleError() - CORE\src\Error\BaseErrorHandler.php, line 153
move_uploaded_file - [internal], line ??
App\Controller\UploadsController::add() - APP/Controller\UploadsController.php, line 29
Cake\Controller\Controller::invokeAction() - CORE\src\Controller\Controller.php, line 440
Cake\Http\ActionDispatcher::_invoke() - CORE\src\Http\ActionDispatcher.php, line 119
Cake\Http\ActionDispatcher::dispatch() - CORE\src\Http\ActionDispatcher.php, line 93
Cake\Http\BaseApplication::__invoke() - CORE\src\Http\BaseApplication.php, line 78
Cake\Http\Runner::__invoke() - CORE\src\Http\Runner.php, line 65
Cake\Routing\Middleware\RoutingMiddleware::__invoke() - CORE\src\Routing\Middleware\RoutingMiddleware.php, line 59
Cake\Http\Runner::__invoke() - CORE\src\Http\Runner.php, line 65
Cake\Routing\Middleware\AssetMiddleware::__invoke() - CORE\src\Routing\Middleware\AssetMiddleware.php, line 88
Cake\Http\Runner::__invoke() - CORE\src\Http\Runner.php, line 65
Cake\Error\Middleware\ErrorHandlerMiddleware::__invoke() - CORE\src\Error\Middleware\ErrorHandlerMiddleware.php, line 92
Cake\Http\Runner::__invoke() - CORE\src\Http\Runner.php, line 65
DebugKit\Middleware\DebugKitMiddleware::__invoke() - ROOT\vendor\cakephp\debug_kit\src\Middleware\DebugKitMiddleware.php, line 52
Cake\Http\Runner::__invoke() - CORE\src\Http\Runner.php, line 65
Cake\Http\Runner::run() - CORE\src\Http\Runner.php, line 51
Cake\Http\Server::run() - CORE\src\Http\Server.php, line 80
[main] - ROOT\webroot\index.php, line 37



2017-09-29 09:09:41 Warning: Warning (512): Unable to emit headers. Headers sent in file=C:\xampp\htdocs\bongdak.com\vendor\cakephp\cakephp\src\Error\Debugger.php line=822 in [C:\xampp\htdocs\bongdak.com\vendor\cakephp\cakephp\src\Http\ResponseEmitter.php, line 48]
Request URL: /upload/add
Referer URL: http://localhost:8080/bongdak.com/upload/add
Trace:
Cake\Error\BaseErrorHandler::handleError() - CORE\src\Error\BaseErrorHandler.php, line 153
Cake\Http\ResponseEmitter::emit() - CORE\src\Http\ResponseEmitter.php, line 48
Cake\Http\Server::emit() - CORE\src\Http\Server.php, line 105
[main] - ROOT\webroot\index.php, line 37



2017-09-29 09:09:41 Warning: Warning (2): Cannot modify header information - headers already sent by (output started at C:\xampp\htdocs\bongdak.com\vendor\cakephp\cakephp\src\Error\Debugger.php:822) in [C:\xampp\htdocs\bongdak.com\vendor\cakephp\cakephp\src\Http\ResponseEmitter.php, line 149]
Request URL: /upload/add
Referer URL: http://localhost:8080/bongdak.com/upload/add
Trace:
Cake\Error\BaseErrorHandler::handleError() - CORE\src\Error\BaseErrorHandler.php, line 153
header - [internal], line ??
Cake\Http\ResponseEmitter::emitStatusLine() - CORE\src\Http\ResponseEmitter.php, line 149
Cake\Http\ResponseEmitter::emit() - CORE\src\Http\ResponseEmitter.php, line 54
Cake\Http\Server::emit() - CORE\src\Http\Server.php, line 105
[main] - ROOT\webroot\index.php, line 37



2017-09-29 09:09:41 Warning: Warning (2): Cannot modify header information - headers already sent by (output started at C:\xampp\htdocs\bongdak.com\vendor\cakephp\cakephp\src\Error\Debugger.php:822) in [C:\xampp\htdocs\bongdak.com\vendor\cakephp\cakephp\src\Http\ResponseEmitter.php, line 181]
Request URL: /upload/add
Referer URL: http://localhost:8080/bongdak.com/upload/add
Trace:
Cake\Error\BaseErrorHandler::handleError() - CORE\src\Error\BaseErrorHandler.php, line 153
header - [internal], line ??
Cake\Http\ResponseEmitter::emitHeaders() - CORE\src\Http\ResponseEmitter.php, line 181
Cake\Http\ResponseEmitter::emit() - CORE\src\Http\ResponseEmitter.php, line 55
Cake\Http\Server::emit() - CORE\src\Http\Server.php, line 105
[main] - ROOT\webroot\index.php, line 37



2017-09-29 09:09:41 Warning: Warning (2): Cannot modify header information - headers already sent by (output started at C:\xampp\htdocs\bongdak.com\vendor\cakephp\cakephp\src\Error\Debugger.php:822) in [C:\xampp\htdocs\bongdak.com\vendor\cakephp\cakephp\src\Http\ResponseEmitter.php, line 181]
Request URL: /upload/add
Referer URL: http://localhost:8080/bongdak.com/upload/add
Trace:
Cake\Error\BaseErrorHandler::handleError() - CORE\src\Error\BaseErrorHandler.php, line 153
header - [internal], line ??
Cake\Http\ResponseEmitter::emitHeaders() - CORE\src\Http\ResponseEmitter.php, line 181
Cake\Http\ResponseEmitter::emit() - CORE\src\Http\ResponseEmitter.php, line 55
Cake\Http\Server::emit() - CORE\src\Http\Server.php, line 105
[main] - ROOT\webroot\index.php, line 37



2017-09-29 09:22:50 Warning: Warning (2): move_uploaded_file(webroot/uploads/animal__5_.gif): failed to open stream: No such file or directory in [C:\xampp\htdocs\bongdak.com\src\Controller\UploadsController.php, line 29]
Request URL: /upload/add
Referer URL: http://localhost:8080/bongdak.com/upload/add
Trace:
Cake\Error\BaseErrorHandler::handleError() - CORE\src\Error\BaseErrorHandler.php, line 153
move_uploaded_file - [internal], line ??
App\Controller\UploadsController::add() - APP/Controller\UploadsController.php, line 29
Cake\Controller\Controller::invokeAction() - CORE\src\Controller\Controller.php, line 440
Cake\Http\ActionDispatcher::_invoke() - CORE\src\Http\ActionDispatcher.php, line 119
Cake\Http\ActionDispatcher::dispatch() - CORE\src\Http\ActionDispatcher.php, line 93
Cake\Http\BaseApplication::__invoke() - CORE\src\Http\BaseApplication.php, line 78
Cake\Http\Runner::__invoke() - CORE\src\Http\Runner.php, line 65
Cake\Routing\Middleware\RoutingMiddleware::__invoke() - CORE\src\Routing\Middleware\RoutingMiddleware.php, line 59
Cake\Http\Runner::__invoke() - CORE\src\Http\Runner.php, line 65
Cake\Routing\Middleware\AssetMiddleware::__invoke() - CORE\src\Routing\Middleware\AssetMiddleware.php, line 88
Cake\Http\Runner::__invoke() - CORE\src\Http\Runner.php, line 65
Cake\Error\Middleware\ErrorHandlerMiddleware::__invoke() - CORE\src\Error\Middleware\ErrorHandlerMiddleware.php, line 92
Cake\Http\Runner::__invoke() - CORE\src\Http\Runner.php, line 65
DebugKit\Middleware\DebugKitMiddleware::__invoke() - ROOT\vendor\cakephp\debug_kit\src\Middleware\DebugKitMiddleware.php, line 52
Cake\Http\Runner::__invoke() - CORE\src\Http\Runner.php, line 65
Cake\Http\Runner::run() - CORE\src\Http\Runner.php, line 51
Cake\Http\Server::run() - CORE\src\Http\Server.php, line 80
[main] - ROOT\webroot\index.php, line 37



2017-09-29 09:22:50 Warning: Warning (2): move_uploaded_file() [<a href='https://secure.php.net/function.move-uploaded-file'>function.move-uploaded-file</a>]: Unable to move 'C:\xampp\tmp\php59B9.tmp' to 'webroot/uploads/animal__5_.gif' in [C:\xampp\htdocs\bongdak.com\src\Controller\UploadsController.php, line 29]
Request URL: /upload/add
Referer URL: http://localhost:8080/bongdak.com/upload/add
Trace:
Cake\Error\BaseErrorHandler::handleError() - CORE\src\Error\BaseErrorHandler.php, line 153
move_uploaded_file - [internal], line ??
App\Controller\UploadsController::add() - APP/Controller\UploadsController.php, line 29
Cake\Controller\Controller::invokeAction() - CORE\src\Controller\Controller.php, line 440
Cake\Http\ActionDispatcher::_invoke() - CORE\src\Http\ActionDispatcher.php, line 119
Cake\Http\ActionDispatcher::dispatch() - CORE\src\Http\ActionDispatcher.php, line 93
Cake\Http\BaseApplication::__invoke() - CORE\src\Http\BaseApplication.php, line 78
Cake\Http\Runner::__invoke() - CORE\src\Http\Runner.php, line 65
Cake\Routing\Middleware\RoutingMiddleware::__invoke() - CORE\src\Routing\Middleware\RoutingMiddleware.php, line 59
Cake\Http\Runner::__invoke() - CORE\src\Http\Runner.php, line 65
Cake\Routing\Middleware\AssetMiddleware::__invoke() - CORE\src\Routing\Middleware\AssetMiddleware.php, line 88
Cake\Http\Runner::__invoke() - CORE\src\Http\Runner.php, line 65
Cake\Error\Middleware\ErrorHandlerMiddleware::__invoke() - CORE\src\Error\Middleware\ErrorHandlerMiddleware.php, line 92
Cake\Http\Runner::__invoke() - CORE\src\Http\Runner.php, line 65
DebugKit\Middleware\DebugKitMiddleware::__invoke() - ROOT\vendor\cakephp\debug_kit\src\Middleware\DebugKitMiddleware.php, line 52
Cake\Http\Runner::__invoke() - CORE\src\Http\Runner.php, line 65
Cake\Http\Runner::run() - CORE\src\Http\Runner.php, line 51
Cake\Http\Server::run() - CORE\src\Http\Server.php, line 80
[main] - ROOT\webroot\index.php, line 37



2017-09-29 09:22:51 Warning: Warning (512): Unable to emit headers. Headers sent in file=C:\xampp\htdocs\bongdak.com\vendor\cakephp\cakephp\src\Error\Debugger.php line=822 in [C:\xampp\htdocs\bongdak.com\vendor\cakephp\cakephp\src\Http\ResponseEmitter.php, line 48]
Request URL: /upload/add
Referer URL: http://localhost:8080/bongdak.com/upload/add
Trace:
Cake\Error\BaseErrorHandler::handleError() - CORE\src\Error\BaseErrorHandler.php, line 153
Cake\Http\ResponseEmitter::emit() - CORE\src\Http\ResponseEmitter.php, line 48
Cake\Http\Server::emit() - CORE\src\Http\Server.php, line 105
[main] - ROOT\webroot\index.php, line 37



2017-09-29 09:22:51 Warning: Warning (2): Cannot modify header information - headers already sent by (output started at C:\xampp\htdocs\bongdak.com\vendor\cakephp\cakephp\src\Error\Debugger.php:822) in [C:\xampp\htdocs\bongdak.com\vendor\cakephp\cakephp\src\Http\ResponseEmitter.php, line 149]
Request URL: /upload/add
Referer URL: http://localhost:8080/bongdak.com/upload/add
Trace:
Cake\Error\BaseErrorHandler::handleError() - CORE\src\Error\BaseErrorHandler.php, line 153
header - [internal], line ??
Cake\Http\ResponseEmitter::emitStatusLine() - CORE\src\Http\ResponseEmitter.php, line 149
Cake\Http\ResponseEmitter::emit() - CORE\src\Http\ResponseEmitter.php, line 54
Cake\Http\Server::emit() - CORE\src\Http\Server.php, line 105
[main] - ROOT\webroot\index.php, line 37



2017-09-29 09:22:51 Warning: Warning (2): Cannot modify header information - headers already sent by (output started at C:\xampp\htdocs\bongdak.com\vendor\cakephp\cakephp\src\Error\Debugger.php:822) in [C:\xampp\htdocs\bongdak.com\vendor\cakephp\cakephp\src\Http\ResponseEmitter.php, line 181]
Request URL: /upload/add
Referer URL: http://localhost:8080/bongdak.com/upload/add
Trace:
Cake\Error\BaseErrorHandler::handleError() - CORE\src\Error\BaseErrorHandler.php, line 153
header - [internal], line ??
Cake\Http\ResponseEmitter::emitHeaders() - CORE\src\Http\ResponseEmitter.php, line 181
Cake\Http\ResponseEmitter::emit() - CORE\src\Http\ResponseEmitter.php, line 55
Cake\Http\Server::emit() - CORE\src\Http\Server.php, line 105
[main] - ROOT\webroot\index.php, line 37



2017-09-29 09:22:51 Warning: Warning (2): Cannot modify header information - headers already sent by (output started at C:\xampp\htdocs\bongdak.com\vendor\cakephp\cakephp\src\Error\Debugger.php:822) in [C:\xampp\htdocs\bongdak.com\vendor\cakephp\cakephp\src\Http\ResponseEmitter.php, line 181]
Request URL: /upload/add
Referer URL: http://localhost:8080/bongdak.com/upload/add
Trace:
Cake\Error\BaseErrorHandler::handleError() - CORE\src\Error\BaseErrorHandler.php, line 153
header - [internal], line ??
Cake\Http\ResponseEmitter::emitHeaders() - CORE\src\Http\ResponseEmitter.php, line 181
Cake\Http\ResponseEmitter::emit() - CORE\src\Http\ResponseEmitter.php, line 55
Cake\Http\Server::emit() - CORE\src\Http\Server.php, line 105
[main] - ROOT\webroot\index.php, line 37



2017-09-29 09:59:33 Warning: Warning (2): move_uploaded_file(C:\xampp\htdocs\bongdak.com\src\webroot\uploads\Arsenal-Training-Session.jpg): failed to open stream: No such file or directory in [C:\xampp\htdocs\bongdak.com\src\Controller\UploadsController.php, line 30]
Request URL: /upload/add
Referer URL: http://localhost:8080/bongdak.com/upload/add
Trace:
Cake\Error\BaseErrorHandler::handleError() - CORE\src\Error\BaseErrorHandler.php, line 153
move_uploaded_file - [internal], line ??
App\Controller\UploadsController::add() - APP/Controller\UploadsController.php, line 30
Cake\Controller\Controller::invokeAction() - CORE\src\Controller\Controller.php, line 440
Cake\Http\ActionDispatcher::_invoke() - CORE\src\Http\ActionDispatcher.php, line 119
Cake\Http\ActionDispatcher::dispatch() - CORE\src\Http\ActionDispatcher.php, line 93
Cake\Http\BaseApplication::__invoke() - CORE\src\Http\BaseApplication.php, line 78
Cake\Http\Runner::__invoke() - CORE\src\Http\Runner.php, line 65
Cake\Routing\Middleware\RoutingMiddleware::__invoke() - CORE\src\Routing\Middleware\RoutingMiddleware.php, line 59
Cake\Http\Runner::__invoke() - CORE\src\Http\Runner.php, line 65
Cake\Routing\Middleware\AssetMiddleware::__invoke() - CORE\src\Routing\Middleware\AssetMiddleware.php, line 88
Cake\Http\Runner::__invoke() - CORE\src\Http\Runner.php, line 65
Cake\Error\Middleware\ErrorHandlerMiddleware::__invoke() - CORE\src\Error\Middleware\ErrorHandlerMiddleware.php, line 92
Cake\Http\Runner::__invoke() - CORE\src\Http\Runner.php, line 65
DebugKit\Middleware\DebugKitMiddleware::__invoke() - ROOT\vendor\cakephp\debug_kit\src\Middleware\DebugKitMiddleware.php, line 52
Cake\Http\Runner::__invoke() - CORE\src\Http\Runner.php, line 65
Cake\Http\Runner::run() - CORE\src\Http\Runner.php, line 51
Cake\Http\Server::run() - CORE\src\Http\Server.php, line 80
[main] - ROOT\webroot\index.php, line 37



2017-09-29 09:59:33 Warning: Warning (2): move_uploaded_file() [<a href='https://secure.php.net/function.move-uploaded-file'>function.move-uploaded-file</a>]: Unable to move 'C:\xampp\tmp\phpF37C.tmp' to 'C:\xampp\htdocs\bongdak.com\src\webroot\uploads\Arsenal-Training-Session.jpg' in [C:\xampp\htdocs\bongdak.com\src\Controller\UploadsController.php, line 30]
Request URL: /upload/add
Referer URL: http://localhost:8080/bongdak.com/upload/add
Trace:
Cake\Error\BaseErrorHandler::handleError() - CORE\src\Error\BaseErrorHandler.php, line 153
move_uploaded_file - [internal], line ??
App\Controller\UploadsController::add() - APP/Controller\UploadsController.php, line 30
Cake\Controller\Controller::invokeAction() - CORE\src\Controller\Controller.php, line 440
Cake\Http\ActionDispatcher::_invoke() - CORE\src\Http\ActionDispatcher.php, line 119
Cake\Http\ActionDispatcher::dispatch() - CORE\src\Http\ActionDispatcher.php, line 93
Cake\Http\BaseApplication::__invoke() - CORE\src\Http\BaseApplication.php, line 78
Cake\Http\Runner::__invoke() - CORE\src\Http\Runner.php, line 65
Cake\Routing\Middleware\RoutingMiddleware::__invoke() - CORE\src\Routing\Middleware\RoutingMiddleware.php, line 59
Cake\Http\Runner::__invoke() - CORE\src\Http\Runner.php, line 65
Cake\Routing\Middleware\AssetMiddleware::__invoke() - CORE\src\Routing\Middleware\AssetMiddleware.php, line 88
Cake\Http\Runner::__invoke() - CORE\src\Http\Runner.php, line 65
Cake\Error\Middleware\ErrorHandlerMiddleware::__invoke() - CORE\src\Error\Middleware\ErrorHandlerMiddleware.php, line 92
Cake\Http\Runner::__invoke() - CORE\src\Http\Runner.php, line 65
DebugKit\Middleware\DebugKitMiddleware::__invoke() - ROOT\vendor\cakephp\debug_kit\src\Middleware\DebugKitMiddleware.php, line 52
Cake\Http\Runner::__invoke() - CORE\src\Http\Runner.php, line 65
Cake\Http\Runner::run() - CORE\src\Http\Runner.php, line 51
Cake\Http\Server::run() - CORE\src\Http\Server.php, line 80
[main] - ROOT\webroot\index.php, line 37



2017-09-29 09:59:33 Warning: Warning (512): Unable to emit headers. Headers sent in file=C:\xampp\htdocs\bongdak.com\vendor\cakephp\cakephp\src\Error\Debugger.php line=822 in [C:\xampp\htdocs\bongdak.com\vendor\cakephp\cakephp\src\Http\ResponseEmitter.php, line 48]
Request URL: /upload/add
Referer URL: http://localhost:8080/bongdak.com/upload/add
Trace:
Cake\Error\BaseErrorHandler::handleError() - CORE\src\Error\BaseErrorHandler.php, line 153
Cake\Http\ResponseEmitter::emit() - CORE\src\Http\ResponseEmitter.php, line 48
Cake\Http\Server::emit() - CORE\src\Http\Server.php, line 105
[main] - ROOT\webroot\index.php, line 37



2017-09-29 09:59:33 Warning: Warning (2): Cannot modify header information - headers already sent by (output started at C:\xampp\htdocs\bongdak.com\vendor\cakephp\cakephp\src\Error\Debugger.php:822) in [C:\xampp\htdocs\bongdak.com\vendor\cakephp\cakephp\src\Http\ResponseEmitter.php, line 149]
Request URL: /upload/add
Referer URL: http://localhost:8080/bongdak.com/upload/add
Trace:
Cake\Error\BaseErrorHandler::handleError() - CORE\src\Error\BaseErrorHandler.php, line 153
header - [internal], line ??
Cake\Http\ResponseEmitter::emitStatusLine() - CORE\src\Http\ResponseEmitter.php, line 149
Cake\Http\ResponseEmitter::emit() - CORE\src\Http\ResponseEmitter.php, line 54
Cake\Http\Server::emit() - CORE\src\Http\Server.php, line 105
[main] - ROOT\webroot\index.php, line 37



2017-09-29 09:59:33 Warning: Warning (2): Cannot modify header information - headers already sent by (output started at C:\xampp\htdocs\bongdak.com\vendor\cakephp\cakephp\src\Error\Debugger.php:822) in [C:\xampp\htdocs\bongdak.com\vendor\cakephp\cakephp\src\Http\ResponseEmitter.php, line 181]
Request URL: /upload/add
Referer URL: http://localhost:8080/bongdak.com/upload/add
Trace:
Cake\Error\BaseErrorHandler::handleError() - CORE\src\Error\BaseErrorHandler.php, line 153
header - [internal], line ??
Cake\Http\ResponseEmitter::emitHeaders() - CORE\src\Http\ResponseEmitter.php, line 181
Cake\Http\ResponseEmitter::emit() - CORE\src\Http\ResponseEmitter.php, line 55
Cake\Http\Server::emit() - CORE\src\Http\Server.php, line 105
[main] - ROOT\webroot\index.php, line 37



2017-09-29 09:59:33 Warning: Warning (2): Cannot modify header information - headers already sent by (output started at C:\xampp\htdocs\bongdak.com\vendor\cakephp\cakephp\src\Error\Debugger.php:822) in [C:\xampp\htdocs\bongdak.com\vendor\cakephp\cakephp\src\Http\ResponseEmitter.php, line 181]
Request URL: /upload/add
Referer URL: http://localhost:8080/bongdak.com/upload/add
Trace:
Cake\Error\BaseErrorHandler::handleError() - CORE\src\Error\BaseErrorHandler.php, line 153
header - [internal], line ??
Cake\Http\ResponseEmitter::emitHeaders() - CORE\src\Http\ResponseEmitter.php, line 181
Cake\Http\ResponseEmitter::emit() - CORE\src\Http\ResponseEmitter.php, line 55
Cake\Http\Server::emit() - CORE\src\Http\Server.php, line 105
[main] - ROOT\webroot\index.php, line 37



2017-09-29 10:00:37 Warning: Warning (2): move_uploaded_file(C:\xampp\htdocs\bongdak.com\src\webroot\uploads\animal__5_.gif): failed to open stream: No such file or directory in [C:\xampp\htdocs\bongdak.com\src\Controller\UploadsController.php, line 30]
Request URL: /upload/add
Referer URL: http://localhost:8080/bongdak.com/upload/add
Trace:
Cake\Error\BaseErrorHandler::handleError() - CORE\src\Error\BaseErrorHandler.php, line 153
move_uploaded_file - [internal], line ??
App\Controller\UploadsController::add() - APP/Controller\UploadsController.php, line 30
Cake\Controller\Controller::invokeAction() - CORE\src\Controller\Controller.php, line 440
Cake\Http\ActionDispatcher::_invoke() - CORE\src\Http\ActionDispatcher.php, line 119
Cake\Http\ActionDispatcher::dispatch() - CORE\src\Http\ActionDispatcher.php, line 93
Cake\Http\BaseApplication::__invoke() - CORE\src\Http\BaseApplication.php, line 78
Cake\Http\Runner::__invoke() - CORE\src\Http\Runner.php, line 65
Cake\Routing\Middleware\RoutingMiddleware::__invoke() - CORE\src\Routing\Middleware\RoutingMiddleware.php, line 59
Cake\Http\Runner::__invoke() - CORE\src\Http\Runner.php, line 65
Cake\Routing\Middleware\AssetMiddleware::__invoke() - CORE\src\Routing\Middleware\AssetMiddleware.php, line 88
Cake\Http\Runner::__invoke() - CORE\src\Http\Runner.php, line 65
Cake\Error\Middleware\ErrorHandlerMiddleware::__invoke() - CORE\src\Error\Middleware\ErrorHandlerMiddleware.php, line 92
Cake\Http\Runner::__invoke() - CORE\src\Http\Runner.php, line 65
DebugKit\Middleware\DebugKitMiddleware::__invoke() - ROOT\vendor\cakephp\debug_kit\src\Middleware\DebugKitMiddleware.php, line 52
Cake\Http\Runner::__invoke() - CORE\src\Http\Runner.php, line 65
Cake\Http\Runner::run() - CORE\src\Http\Runner.php, line 51
Cake\Http\Server::run() - CORE\src\Http\Server.php, line 80
[main] - ROOT\webroot\index.php, line 37



2017-09-29 10:00:37 Warning: Warning (2): move_uploaded_file() [<a href='https://secure.php.net/function.move-uploaded-file'>function.move-uploaded-file</a>]: Unable to move 'C:\xampp\tmp\phpEEF4.tmp' to 'C:\xampp\htdocs\bongdak.com\src\webroot\uploads\animal__5_.gif' in [C:\xampp\htdocs\bongdak.com\src\Controller\UploadsController.php, line 30]
Request URL: /upload/add
Referer URL: http://localhost:8080/bongdak.com/upload/add
Trace:
Cake\Error\BaseErrorHandler::handleError() - CORE\src\Error\BaseErrorHandler.php, line 153
move_uploaded_file - [internal], line ??
App\Controller\UploadsController::add() - APP/Controller\UploadsController.php, line 30
Cake\Controller\Controller::invokeAction() - CORE\src\Controller\Controller.php, line 440
Cake\Http\ActionDispatcher::_invoke() - CORE\src\Http\ActionDispatcher.php, line 119
Cake\Http\ActionDispatcher::dispatch() - CORE\src\Http\ActionDispatcher.php, line 93
Cake\Http\BaseApplication::__invoke() - CORE\src\Http\BaseApplication.php, line 78
Cake\Http\Runner::__invoke() - CORE\src\Http\Runner.php, line 65
Cake\Routing\Middleware\RoutingMiddleware::__invoke() - CORE\src\Routing\Middleware\RoutingMiddleware.php, line 59
Cake\Http\Runner::__invoke() - CORE\src\Http\Runner.php, line 65
Cake\Routing\Middleware\AssetMiddleware::__invoke() - CORE\src\Routing\Middleware\AssetMiddleware.php, line 88
Cake\Http\Runner::__invoke() - CORE\src\Http\Runner.php, line 65
Cake\Error\Middleware\ErrorHandlerMiddleware::__invoke() - CORE\src\Error\Middleware\ErrorHandlerMiddleware.php, line 92
Cake\Http\Runner::__invoke() - CORE\src\Http\Runner.php, line 65
DebugKit\Middleware\DebugKitMiddleware::__invoke() - ROOT\vendor\cakephp\debug_kit\src\Middleware\DebugKitMiddleware.php, line 52
Cake\Http\Runner::__invoke() - CORE\src\Http\Runner.php, line 65
Cake\Http\Runner::run() - CORE\src\Http\Runner.php, line 51
Cake\Http\Server::run() - CORE\src\Http\Server.php, line 80
[main] - ROOT\webroot\index.php, line 37



2017-09-29 10:00:37 Warning: Warning (512): Unable to emit headers. Headers sent in file=C:\xampp\htdocs\bongdak.com\vendor\cakephp\cakephp\src\Error\Debugger.php line=822 in [C:\xampp\htdocs\bongdak.com\vendor\cakephp\cakephp\src\Http\ResponseEmitter.php, line 48]
Request URL: /upload/add
Referer URL: http://localhost:8080/bongdak.com/upload/add
Trace:
Cake\Error\BaseErrorHandler::handleError() - CORE\src\Error\BaseErrorHandler.php, line 153
Cake\Http\ResponseEmitter::emit() - CORE\src\Http\ResponseEmitter.php, line 48
Cake\Http\Server::emit() - CORE\src\Http\Server.php, line 105
[main] - ROOT\webroot\index.php, line 37



2017-09-29 10:00:37 Warning: Warning (2): Cannot modify header information - headers already sent by (output started at C:\xampp\htdocs\bongdak.com\vendor\cakephp\cakephp\src\Error\Debugger.php:822) in [C:\xampp\htdocs\bongdak.com\vendor\cakephp\cakephp\src\Http\ResponseEmitter.php, line 149]
Request URL: /upload/add
Referer URL: http://localhost:8080/bongdak.com/upload/add
Trace:
Cake\Error\BaseErrorHandler::handleError() - CORE\src\Error\BaseErrorHandler.php, line 153
header - [internal], line ??
Cake\Http\ResponseEmitter::emitStatusLine() - CORE\src\Http\ResponseEmitter.php, line 149
Cake\Http\ResponseEmitter::emit() - CORE\src\Http\ResponseEmitter.php, line 54
Cake\Http\Server::emit() - CORE\src\Http\Server.php, line 105
[main] - ROOT\webroot\index.php, line 37



2017-09-29 10:00:37 Warning: Warning (2): Cannot modify header information - headers already sent by (output started at C:\xampp\htdocs\bongdak.com\vendor\cakephp\cakephp\src\Error\Debugger.php:822) in [C:\xampp\htdocs\bongdak.com\vendor\cakephp\cakephp\src\Http\ResponseEmitter.php, line 181]
Request URL: /upload/add
Referer URL: http://localhost:8080/bongdak.com/upload/add
Trace:
Cake\Error\BaseErrorHandler::handleError() - CORE\src\Error\BaseErrorHandler.php, line 153
header - [internal], line ??
Cake\Http\ResponseEmitter::emitHeaders() - CORE\src\Http\ResponseEmitter.php, line 181
Cake\Http\ResponseEmitter::emit() - CORE\src\Http\ResponseEmitter.php, line 55
Cake\Http\Server::emit() - CORE\src\Http\Server.php, line 105
[main] - ROOT\webroot\index.php, line 37



2017-09-29 10:00:37 Warning: Warning (2): Cannot modify header information - headers already sent by (output started at C:\xampp\htdocs\bongdak.com\vendor\cakephp\cakephp\src\Error\Debugger.php:822) in [C:\xampp\htdocs\bongdak.com\vendor\cakephp\cakephp\src\Http\ResponseEmitter.php, line 181]
Request URL: /upload/add
Referer URL: http://localhost:8080/bongdak.com/upload/add
Trace:
Cake\Error\BaseErrorHandler::handleError() - CORE\src\Error\BaseErrorHandler.php, line 153
header - [internal], line ??
Cake\Http\ResponseEmitter::emitHeaders() - CORE\src\Http\ResponseEmitter.php, line 181
Cake\Http\ResponseEmitter::emit() - CORE\src\Http\ResponseEmitter.php, line 55
Cake\Http\Server::emit() - CORE\src\Http\Server.php, line 105
[main] - ROOT\webroot\index.php, line 37



2017-09-29 10:11:58 Warning: Warning (2): move_uploaded_file(C:\xampp\htdocs\bongdak.com\src\webroot\uploads\Arsenal-Training-Session.jpg): failed to open stream: No such file or directory in [C:\xampp\htdocs\bongdak.com\src\Controller\UploadsController.php, line 31]
Request URL: /upload/add
Referer URL: http://localhost:8080/bongdak.com/upload/add
Trace:
Cake\Error\BaseErrorHandler::handleError() - CORE\src\Error\BaseErrorHandler.php, line 153
move_uploaded_file - [internal], line ??
App\Controller\UploadsController::add() - APP/Controller\UploadsController.php, line 31
Cake\Controller\Controller::invokeAction() - CORE\src\Controller\Controller.php, line 440
Cake\Http\ActionDispatcher::_invoke() - CORE\src\Http\ActionDispatcher.php, line 119
Cake\Http\ActionDispatcher::dispatch() - CORE\src\Http\ActionDispatcher.php, line 93
Cake\Http\BaseApplication::__invoke() - CORE\src\Http\BaseApplication.php, line 78
Cake\Http\Runner::__invoke() - CORE\src\Http\Runner.php, line 65
Cake\Routing\Middleware\RoutingMiddleware::__invoke() - CORE\src\Routing\Middleware\RoutingMiddleware.php, line 59
Cake\Http\Runner::__invoke() - CORE\src\Http\Runner.php, line 65
Cake\Routing\Middleware\AssetMiddleware::__invoke() - CORE\src\Routing\Middleware\AssetMiddleware.php, line 88
Cake\Http\Runner::__invoke() - CORE\src\Http\Runner.php, line 65
Cake\Error\Middleware\ErrorHandlerMiddleware::__invoke() - CORE\src\Error\Middleware\ErrorHandlerMiddleware.php, line 92
Cake\Http\Runner::__invoke() - CORE\src\Http\Runner.php, line 65
DebugKit\Middleware\DebugKitMiddleware::__invoke() - ROOT\vendor\cakephp\debug_kit\src\Middleware\DebugKitMiddleware.php, line 52
Cake\Http\Runner::__invoke() - CORE\src\Http\Runner.php, line 65
Cake\Http\Runner::run() - CORE\src\Http\Runner.php, line 51
Cake\Http\Server::run() - CORE\src\Http\Server.php, line 80
[main] - ROOT\webroot\index.php, line 37



2017-09-29 10:11:58 Warning: Warning (2): move_uploaded_file() [<a href='https://secure.php.net/function.move-uploaded-file'>function.move-uploaded-file</a>]: Unable to move 'C:\xampp\tmp\php5214.tmp' to 'C:\xampp\htdocs\bongdak.com\src\webroot\uploads\Arsenal-Training-Session.jpg' in [C:\xampp\htdocs\bongdak.com\src\Controller\UploadsController.php, line 31]
Request URL: /upload/add
Referer URL: http://localhost:8080/bongdak.com/upload/add
Trace:
Cake\Error\BaseErrorHandler::handleError() - CORE\src\Error\BaseErrorHandler.php, line 153
move_uploaded_file - [internal], line ??
App\Controller\UploadsController::add() - APP/Controller\UploadsController.php, line 31
Cake\Controller\Controller::invokeAction() - CORE\src\Controller\Controller.php, line 440
Cake\Http\ActionDispatcher::_invoke() - CORE\src\Http\ActionDispatcher.php, line 119
Cake\Http\ActionDispatcher::dispatch() - CORE\src\Http\ActionDispatcher.php, line 93
Cake\Http\BaseApplication::__invoke() - CORE\src\Http\BaseApplication.php, line 78
Cake\Http\Runner::__invoke() - CORE\src\Http\Runner.php, line 65
Cake\Routing\Middleware\RoutingMiddleware::__invoke() - CORE\src\Routing\Middleware\RoutingMiddleware.php, line 59
Cake\Http\Runner::__invoke() - CORE\src\Http\Runner.php, line 65
Cake\Routing\Middleware\AssetMiddleware::__invoke() - CORE\src\Routing\Middleware\AssetMiddleware.php, line 88
Cake\Http\Runner::__invoke() - CORE\src\Http\Runner.php, line 65
Cake\Error\Middleware\ErrorHandlerMiddleware::__invoke() - CORE\src\Error\Middleware\ErrorHandlerMiddleware.php, line 92
Cake\Http\Runner::__invoke() - CORE\src\Http\Runner.php, line 65
DebugKit\Middleware\DebugKitMiddleware::__invoke() - ROOT\vendor\cakephp\debug_kit\src\Middleware\DebugKitMiddleware.php, line 52
Cake\Http\Runner::__invoke() - CORE\src\Http\Runner.php, line 65
Cake\Http\Runner::run() - CORE\src\Http\Runner.php, line 51
Cake\Http\Server::run() - CORE\src\Http\Server.php, line 80
[main] - ROOT\webroot\index.php, line 37



2017-09-29 10:11:58 Warning: Warning (512): Unable to emit headers. Headers sent in file=C:\xampp\htdocs\bongdak.com\vendor\cakephp\cakephp\src\Error\Debugger.php line=822 in [C:\xampp\htdocs\bongdak.com\vendor\cakephp\cakephp\src\Http\ResponseEmitter.php, line 48]
Request URL: /upload/add
Referer URL: http://localhost:8080/bongdak.com/upload/add
Trace:
Cake\Error\BaseErrorHandler::handleError() - CORE\src\Error\BaseErrorHandler.php, line 153
Cake\Http\ResponseEmitter::emit() - CORE\src\Http\ResponseEmitter.php, line 48
Cake\Http\Server::emit() - CORE\src\Http\Server.php, line 105
[main] - ROOT\webroot\index.php, line 37



2017-09-29 10:11:58 Warning: Warning (2): Cannot modify header information - headers already sent by (output started at C:\xampp\htdocs\bongdak.com\vendor\cakephp\cakephp\src\Error\Debugger.php:822) in [C:\xampp\htdocs\bongdak.com\vendor\cakephp\cakephp\src\Http\ResponseEmitter.php, line 149]
Request URL: /upload/add
Referer URL: http://localhost:8080/bongdak.com/upload/add
Trace:
Cake\Error\BaseErrorHandler::handleError() - CORE\src\Error\BaseErrorHandler.php, line 153
header - [internal], line ??
Cake\Http\ResponseEmitter::emitStatusLine() - CORE\src\Http\ResponseEmitter.php, line 149
Cake\Http\ResponseEmitter::emit() - CORE\src\Http\ResponseEmitter.php, line 54
Cake\Http\Server::emit() - CORE\src\Http\Server.php, line 105
[main] - ROOT\webroot\index.php, line 37



2017-09-29 10:11:58 Warning: Warning (2): Cannot modify header information - headers already sent by (output started at C:\xampp\htdocs\bongdak.com\vendor\cakephp\cakephp\src\Error\Debugger.php:822) in [C:\xampp\htdocs\bongdak.com\vendor\cakephp\cakephp\src\Http\ResponseEmitter.php, line 181]
Request URL: /upload/add
Referer URL: http://localhost:8080/bongdak.com/upload/add
Trace:
Cake\Error\BaseErrorHandler::handleError() - CORE\src\Error\BaseErrorHandler.php, line 153
header - [internal], line ??
Cake\Http\ResponseEmitter::emitHeaders() - CORE\src\Http\ResponseEmitter.php, line 181
Cake\Http\ResponseEmitter::emit() - CORE\src\Http\ResponseEmitter.php, line 55
Cake\Http\Server::emit() - CORE\src\Http\Server.php, line 105
[main] - ROOT\webroot\index.php, line 37



2017-09-29 10:11:58 Warning: Warning (2): Cannot modify header information - headers already sent by (output started at C:\xampp\htdocs\bongdak.com\vendor\cakephp\cakephp\src\Error\Debugger.php:822) in [C:\xampp\htdocs\bongdak.com\vendor\cakephp\cakephp\src\Http\ResponseEmitter.php, line 181]
Request URL: /upload/add
Referer URL: http://localhost:8080/bongdak.com/upload/add
Trace:
Cake\Error\BaseErrorHandler::handleError() - CORE\src\Error\BaseErrorHandler.php, line 153
header - [internal], line ??
Cake\Http\ResponseEmitter::emitHeaders() - CORE\src\Http\ResponseEmitter.php, line 181
Cake\Http\ResponseEmitter::emit() - CORE\src\Http\ResponseEmitter.php, line 55
Cake\Http\Server::emit() - CORE\src\Http\Server.php, line 105
[main] - ROOT\webroot\index.php, line 37



2017-09-29 10:17:46 Warning: Warning (2): move_uploaded_file(C:\xampp\htdocs\bongdak.com\src\webroot\uploads\Arsenal-Training-Session.jpg): failed to open stream: No such file or directory in [C:\xampp\htdocs\bongdak.com\src\Controller\UploadsController.php, line 32]
Request URL: /upload/add
Referer URL: http://localhost:8080/bongdak.com/upload/add
Trace:
Cake\Error\BaseErrorHandler::handleError() - CORE\src\Error\BaseErrorHandler.php, line 153
move_uploaded_file - [internal], line ??
App\Controller\UploadsController::add() - APP/Controller\UploadsController.php, line 32
Cake\Controller\Controller::invokeAction() - CORE\src\Controller\Controller.php, line 440
Cake\Http\ActionDispatcher::_invoke() - CORE\src\Http\ActionDispatcher.php, line 119
Cake\Http\ActionDispatcher::dispatch() - CORE\src\Http\ActionDispatcher.php, line 93
Cake\Http\BaseApplication::__invoke() - CORE\src\Http\BaseApplication.php, line 78
Cake\Http\Runner::__invoke() - CORE\src\Http\Runner.php, line 65
Cake\Routing\Middleware\RoutingMiddleware::__invoke() - CORE\src\Routing\Middleware\RoutingMiddleware.php, line 59
Cake\Http\Runner::__invoke() - CORE\src\Http\Runner.php, line 65
Cake\Routing\Middleware\AssetMiddleware::__invoke() - CORE\src\Routing\Middleware\AssetMiddleware.php, line 88
Cake\Http\Runner::__invoke() - CORE\src\Http\Runner.php, line 65
Cake\Error\Middleware\ErrorHandlerMiddleware::__invoke() - CORE\src\Error\Middleware\ErrorHandlerMiddleware.php, line 92
Cake\Http\Runner::__invoke() - CORE\src\Http\Runner.php, line 65
DebugKit\Middleware\DebugKitMiddleware::__invoke() - ROOT\vendor\cakephp\debug_kit\src\Middleware\DebugKitMiddleware.php, line 52
Cake\Http\Runner::__invoke() - CORE\src\Http\Runner.php, line 65
Cake\Http\Runner::run() - CORE\src\Http\Runner.php, line 51
Cake\Http\Server::run() - CORE\src\Http\Server.php, line 80
[main] - ROOT\webroot\index.php, line 37



2017-09-29 10:17:46 Warning: Warning (2): move_uploaded_file() [<a href='https://secure.php.net/function.move-uploaded-file'>function.move-uploaded-file</a>]: Unable to move 'C:\xampp\tmp\phpA185.tmp' to 'C:\xampp\htdocs\bongdak.com\src\webroot\uploads\Arsenal-Training-Session.jpg' in [C:\xampp\htdocs\bongdak.com\src\Controller\UploadsController.php, line 32]
Request URL: /upload/add
Referer URL: http://localhost:8080/bongdak.com/upload/add
Trace:
Cake\Error\BaseErrorHandler::handleError() - CORE\src\Error\BaseErrorHandler.php, line 153
move_uploaded_file - [internal], line ??
App\Controller\UploadsController::add() - APP/Controller\UploadsController.php, line 32
Cake\Controller\Controller::invokeAction() - CORE\src\Controller\Controller.php, line 440
Cake\Http\ActionDispatcher::_invoke() - CORE\src\Http\ActionDispatcher.php, line 119
Cake\Http\ActionDispatcher::dispatch() - CORE\src\Http\ActionDispatcher.php, line 93
Cake\Http\BaseApplication::__invoke() - CORE\src\Http\BaseApplication.php, line 78
Cake\Http\Runner::__invoke() - CORE\src\Http\Runner.php, line 65
Cake\Routing\Middleware\RoutingMiddleware::__invoke() - CORE\src\Routing\Middleware\RoutingMiddleware.php, line 59
Cake\Http\Runner::__invoke() - CORE\src\Http\Runner.php, line 65
Cake\Routing\Middleware\AssetMiddleware::__invoke() - CORE\src\Routing\Middleware\AssetMiddleware.php, line 88
Cake\Http\Runner::__invoke() - CORE\src\Http\Runner.php, line 65
Cake\Error\Middleware\ErrorHandlerMiddleware::__invoke() - CORE\src\Error\Middleware\ErrorHandlerMiddleware.php, line 92
Cake\Http\Runner::__invoke() - CORE\src\Http\Runner.php, line 65
DebugKit\Middleware\DebugKitMiddleware::__invoke() - ROOT\vendor\cakephp\debug_kit\src\Middleware\DebugKitMiddleware.php, line 52
Cake\Http\Runner::__invoke() - CORE\src\Http\Runner.php, line 65
Cake\Http\Runner::run() - CORE\src\Http\Runner.php, line 51
Cake\Http\Server::run() - CORE\src\Http\Server.php, line 80
[main] - ROOT\webroot\index.php, line 37



2017-09-29 10:17:46 Warning: Warning (512): Unable to emit headers. Headers sent in file=C:\xampp\htdocs\bongdak.com\vendor\cakephp\cakephp\src\Error\Debugger.php line=822 in [C:\xampp\htdocs\bongdak.com\vendor\cakephp\cakephp\src\Http\ResponseEmitter.php, line 48]
Request URL: /upload/add
Referer URL: http://localhost:8080/bongdak.com/upload/add
Trace:
Cake\Error\BaseErrorHandler::handleError() - CORE\src\Error\BaseErrorHandler.php, line 153
Cake\Http\ResponseEmitter::emit() - CORE\src\Http\ResponseEmitter.php, line 48
Cake\Http\Server::emit() - CORE\src\Http\Server.php, line 105
[main] - ROOT\webroot\index.php, line 37



2017-09-29 10:17:46 Warning: Warning (2): Cannot modify header information - headers already sent by (output started at C:\xampp\htdocs\bongdak.com\vendor\cakephp\cakephp\src\Error\Debugger.php:822) in [C:\xampp\htdocs\bongdak.com\vendor\cakephp\cakephp\src\Http\ResponseEmitter.php, line 149]
Request URL: /upload/add
Referer URL: http://localhost:8080/bongdak.com/upload/add
Trace:
Cake\Error\BaseErrorHandler::handleError() - CORE\src\Error\BaseErrorHandler.php, line 153
header - [internal], line ??
Cake\Http\ResponseEmitter::emitStatusLine() - CORE\src\Http\ResponseEmitter.php, line 149
Cake\Http\ResponseEmitter::emit() - CORE\src\Http\ResponseEmitter.php, line 54
Cake\Http\Server::emit() - CORE\src\Http\Server.php, line 105
[main] - ROOT\webroot\index.php, line 37



2017-09-29 10:17:46 Warning: Warning (2): Cannot modify header information - headers already sent by (output started at C:\xampp\htdocs\bongdak.com\vendor\cakephp\cakephp\src\Error\Debugger.php:822) in [C:\xampp\htdocs\bongdak.com\vendor\cakephp\cakephp\src\Http\ResponseEmitter.php, line 181]
Request URL: /upload/add
Referer URL: http://localhost:8080/bongdak.com/upload/add
Trace:
Cake\Error\BaseErrorHandler::handleError() - CORE\src\Error\BaseErrorHandler.php, line 153
header - [internal], line ??
Cake\Http\ResponseEmitter::emitHeaders() - CORE\src\Http\ResponseEmitter.php, line 181
Cake\Http\ResponseEmitter::emit() - CORE\src\Http\ResponseEmitter.php, line 55
Cake\Http\Server::emit() - CORE\src\Http\Server.php, line 105
[main] - ROOT\webroot\index.php, line 37



2017-09-29 10:17:46 Warning: Warning (2): Cannot modify header information - headers already sent by (output started at C:\xampp\htdocs\bongdak.com\vendor\cakephp\cakephp\src\Error\Debugger.php:822) in [C:\xampp\htdocs\bongdak.com\vendor\cakephp\cakephp\src\Http\ResponseEmitter.php, line 181]
Request URL: /upload/add
Referer URL: http://localhost:8080/bongdak.com/upload/add
Trace:
Cake\Error\BaseErrorHandler::handleError() - CORE\src\Error\BaseErrorHandler.php, line 153
header - [internal], line ??
Cake\Http\ResponseEmitter::emitHeaders() - CORE\src\Http\ResponseEmitter.php, line 181
Cake\Http\ResponseEmitter::emit() - CORE\src\Http\ResponseEmitter.php, line 55
Cake\Http\Server::emit() - CORE\src\Http\Server.php, line 105
[main] - ROOT\webroot\index.php, line 37



2017-10-02 07:31:39 Warning: Warning (2): move_uploaded_file(webroot\uploads\camera.jpg): failed to open stream: No such file or directory in [C:\xampp\htdocs\bongdak.com\src\Controller\UploadsController.php, line 32]
Request URL: /upload/add
Referer URL: http://localhost:8080/bongdak.com/upload/add
Trace:
Cake\Error\BaseErrorHandler::handleError() - CORE\src\Error\BaseErrorHandler.php, line 153
move_uploaded_file - [internal], line ??
App\Controller\UploadsController::add() - APP/Controller\UploadsController.php, line 32
Cake\Controller\Controller::invokeAction() - CORE\src\Controller\Controller.php, line 440
Cake\Http\ActionDispatcher::_invoke() - CORE\src\Http\ActionDispatcher.php, line 119
Cake\Http\ActionDispatcher::dispatch() - CORE\src\Http\ActionDispatcher.php, line 93
Cake\Http\BaseApplication::__invoke() - CORE\src\Http\BaseApplication.php, line 78
Cake\Http\Runner::__invoke() - CORE\src\Http\Runner.php, line 65
Cake\Routing\Middleware\RoutingMiddleware::__invoke() - CORE\src\Routing\Middleware\RoutingMiddleware.php, line 59
Cake\Http\Runner::__invoke() - CORE\src\Http\Runner.php, line 65
Cake\Routing\Middleware\AssetMiddleware::__invoke() - CORE\src\Routing\Middleware\AssetMiddleware.php, line 88
Cake\Http\Runner::__invoke() - CORE\src\Http\Runner.php, line 65
Cake\Error\Middleware\ErrorHandlerMiddleware::__invoke() - CORE\src\Error\Middleware\ErrorHandlerMiddleware.php, line 92
Cake\Http\Runner::__invoke() - CORE\src\Http\Runner.php, line 65
DebugKit\Middleware\DebugKitMiddleware::__invoke() - ROOT\vendor\cakephp\debug_kit\src\Middleware\DebugKitMiddleware.php, line 52
Cake\Http\Runner::__invoke() - CORE\src\Http\Runner.php, line 65
Cake\Http\Runner::run() - CORE\src\Http\Runner.php, line 51
Cake\Http\Server::run() - CORE\src\Http\Server.php, line 80
[main] - ROOT\webroot\index.php, line 37



2017-10-02 07:31:39 Warning: Warning (2): move_uploaded_file() [<a href='https://secure.php.net/function.move-uploaded-file'>function.move-uploaded-file</a>]: Unable to move 'C:\xampp\tmp\phpA221.tmp' to 'webroot\uploads\camera.jpg' in [C:\xampp\htdocs\bongdak.com\src\Controller\UploadsController.php, line 32]
Request URL: /upload/add
Referer URL: http://localhost:8080/bongdak.com/upload/add
Trace:
Cake\Error\BaseErrorHandler::handleError() - CORE\src\Error\BaseErrorHandler.php, line 153
move_uploaded_file - [internal], line ??
App\Controller\UploadsController::add() - APP/Controller\UploadsController.php, line 32
Cake\Controller\Controller::invokeAction() - CORE\src\Controller\Controller.php, line 440
Cake\Http\ActionDispatcher::_invoke() - CORE\src\Http\ActionDispatcher.php, line 119
Cake\Http\ActionDispatcher::dispatch() - CORE\src\Http\ActionDispatcher.php, line 93
Cake\Http\BaseApplication::__invoke() - CORE\src\Http\BaseApplication.php, line 78
Cake\Http\Runner::__invoke() - CORE\src\Http\Runner.php, line 65
Cake\Routing\Middleware\RoutingMiddleware::__invoke() - CORE\src\Routing\Middleware\RoutingMiddleware.php, line 59
Cake\Http\Runner::__invoke() - CORE\src\Http\Runner.php, line 65
Cake\Routing\Middleware\AssetMiddleware::__invoke() - CORE\src\Routing\Middleware\AssetMiddleware.php, line 88
Cake\Http\Runner::__invoke() - CORE\src\Http\Runner.php, line 65
Cake\Error\Middleware\ErrorHandlerMiddleware::__invoke() - CORE\src\Error\Middleware\ErrorHandlerMiddleware.php, line 92
Cake\Http\Runner::__invoke() - CORE\src\Http\Runner.php, line 65
DebugKit\Middleware\DebugKitMiddleware::__invoke() - ROOT\vendor\cakephp\debug_kit\src\Middleware\DebugKitMiddleware.php, line 52
Cake\Http\Runner::__invoke() - CORE\src\Http\Runner.php, line 65
Cake\Http\Runner::run() - CORE\src\Http\Runner.php, line 51
Cake\Http\Server::run() - CORE\src\Http\Server.php, line 80
[main] - ROOT\webroot\index.php, line 37



2017-10-02 07:31:39 Warning: Warning (512): Unable to emit headers. Headers sent in file=C:\xampp\htdocs\bongdak.com\vendor\cakephp\cakephp\src\Error\Debugger.php line=822 in [C:\xampp\htdocs\bongdak.com\vendor\cakephp\cakephp\src\Http\ResponseEmitter.php, line 48]
Request URL: /upload/add
Referer URL: http://localhost:8080/bongdak.com/upload/add
Trace:
Cake\Error\BaseErrorHandler::handleError() - CORE\src\Error\BaseErrorHandler.php, line 153
Cake\Http\ResponseEmitter::emit() - CORE\src\Http\ResponseEmitter.php, line 48
Cake\Http\Server::emit() - CORE\src\Http\Server.php, line 105
[main] - ROOT\webroot\index.php, line 37



2017-10-02 07:31:39 Warning: Warning (2): Cannot modify header information - headers already sent by (output started at C:\xampp\htdocs\bongdak.com\vendor\cakephp\cakephp\src\Error\Debugger.php:822) in [C:\xampp\htdocs\bongdak.com\vendor\cakephp\cakephp\src\Http\ResponseEmitter.php, line 149]
Request URL: /upload/add
Referer URL: http://localhost:8080/bongdak.com/upload/add
Trace:
Cake\Error\BaseErrorHandler::handleError() - CORE\src\Error\BaseErrorHandler.php, line 153
header - [internal], line ??
Cake\Http\ResponseEmitter::emitStatusLine() - CORE\src\Http\ResponseEmitter.php, line 149
Cake\Http\ResponseEmitter::emit() - CORE\src\Http\ResponseEmitter.php, line 54
Cake\Http\Server::emit() - CORE\src\Http\Server.php, line 105
[main] - ROOT\webroot\index.php, line 37



2017-10-02 07:31:39 Warning: Warning (2): Cannot modify header information - headers already sent by (output started at C:\xampp\htdocs\bongdak.com\vendor\cakephp\cakephp\src\Error\Debugger.php:822) in [C:\xampp\htdocs\bongdak.com\vendor\cakephp\cakephp\src\Http\ResponseEmitter.php, line 181]
Request URL: /upload/add
Referer URL: http://localhost:8080/bongdak.com/upload/add
Trace:
Cake\Error\BaseErrorHandler::handleError() - CORE\src\Error\BaseErrorHandler.php, line 153
header - [internal], line ??
Cake\Http\ResponseEmitter::emitHeaders() - CORE\src\Http\ResponseEmitter.php, line 181
Cake\Http\ResponseEmitter::emit() - CORE\src\Http\ResponseEmitter.php, line 55
Cake\Http\Server::emit() - CORE\src\Http\Server.php, line 105
[main] - ROOT\webroot\index.php, line 37



2017-10-02 07:31:39 Warning: Warning (2): Cannot modify header information - headers already sent by (output started at C:\xampp\htdocs\bongdak.com\vendor\cakephp\cakephp\src\Error\Debugger.php:822) in [C:\xampp\htdocs\bongdak.com\vendor\cakephp\cakephp\src\Http\ResponseEmitter.php, line 181]
Request URL: /upload/add
Referer URL: http://localhost:8080/bongdak.com/upload/add
Trace:
Cake\Error\BaseErrorHandler::handleError() - CORE\src\Error\BaseErrorHandler.php, line 153
header - [internal], line ??
Cake\Http\ResponseEmitter::emitHeaders() - CORE\src\Http\ResponseEmitter.php, line 181
Cake\Http\ResponseEmitter::emit() - CORE\src\Http\ResponseEmitter.php, line 55
Cake\Http\Server::emit() - CORE\src\Http\Server.php, line 105
[main] - ROOT\webroot\index.php, line 37



2017-10-02 07:35:43 Warning: Warning (2): move_uploaded_file(webroot\uploads\camera.jpg): failed to open stream: No such file or directory in [C:\xampp\htdocs\bongdak.com\src\Controller\UploadsController.php, line 32]
Request URL: /upload/add
Referer URL: http://localhost:8080/bongdak.com/upload/add
Trace:
Cake\Error\BaseErrorHandler::handleError() - CORE\src\Error\BaseErrorHandler.php, line 153
move_uploaded_file - [internal], line ??
App\Controller\UploadsController::add() - APP/Controller\UploadsController.php, line 32
Cake\Controller\Controller::invokeAction() - CORE\src\Controller\Controller.php, line 440
Cake\Http\ActionDispatcher::_invoke() - CORE\src\Http\ActionDispatcher.php, line 119
Cake\Http\ActionDispatcher::dispatch() - CORE\src\Http\ActionDispatcher.php, line 93
Cake\Http\BaseApplication::__invoke() - CORE\src\Http\BaseApplication.php, line 78
Cake\Http\Runner::__invoke() - CORE\src\Http\Runner.php, line 65
Cake\Routing\Middleware\RoutingMiddleware::__invoke() - CORE\src\Routing\Middleware\RoutingMiddleware.php, line 59
Cake\Http\Runner::__invoke() - CORE\src\Http\Runner.php, line 65
Cake\Routing\Middleware\AssetMiddleware::__invoke() - CORE\src\Routing\Middleware\AssetMiddleware.php, line 88
Cake\Http\Runner::__invoke() - CORE\src\Http\Runner.php, line 65
Cake\Error\Middleware\ErrorHandlerMiddleware::__invoke() - CORE\src\Error\Middleware\ErrorHandlerMiddleware.php, line 92
Cake\Http\Runner::__invoke() - CORE\src\Http\Runner.php, line 65
DebugKit\Middleware\DebugKitMiddleware::__invoke() - ROOT\vendor\cakephp\debug_kit\src\Middleware\DebugKitMiddleware.php, line 52
Cake\Http\Runner::__invoke() - CORE\src\Http\Runner.php, line 65
Cake\Http\Runner::run() - CORE\src\Http\Runner.php, line 51
Cake\Http\Server::run() - CORE\src\Http\Server.php, line 80
[main] - ROOT\webroot\index.php, line 37



2017-10-02 07:35:43 Warning: Warning (2): move_uploaded_file() [<a href='https://secure.php.net/function.move-uploaded-file'>function.move-uploaded-file</a>]: Unable to move 'C:\xampp\tmp\php59AC.tmp' to 'webroot\uploads\camera.jpg' in [C:\xampp\htdocs\bongdak.com\src\Controller\UploadsController.php, line 32]
Request URL: /upload/add
Referer URL: http://localhost:8080/bongdak.com/upload/add
Trace:
Cake\Error\BaseErrorHandler::handleError() - CORE\src\Error\BaseErrorHandler.php, line 153
move_uploaded_file - [internal], line ??
App\Controller\UploadsController::add() - APP/Controller\UploadsController.php, line 32
Cake\Controller\Controller::invokeAction() - CORE\src\Controller\Controller.php, line 440
Cake\Http\ActionDispatcher::_invoke() - CORE\src\Http\ActionDispatcher.php, line 119
Cake\Http\ActionDispatcher::dispatch() - CORE\src\Http\ActionDispatcher.php, line 93
Cake\Http\BaseApplication::__invoke() - CORE\src\Http\BaseApplication.php, line 78
Cake\Http\Runner::__invoke() - CORE\src\Http\Runner.php, line 65
Cake\Routing\Middleware\RoutingMiddleware::__invoke() - CORE\src\Routing\Middleware\RoutingMiddleware.php, line 59
Cake\Http\Runner::__invoke() - CORE\src\Http\Runner.php, line 65
Cake\Routing\Middleware\AssetMiddleware::__invoke() - CORE\src\Routing\Middleware\AssetMiddleware.php, line 88
Cake\Http\Runner::__invoke() - CORE\src\Http\Runner.php, line 65
Cake\Error\Middleware\ErrorHandlerMiddleware::__invoke() - CORE\src\Error\Middleware\ErrorHandlerMiddleware.php, line 92
Cake\Http\Runner::__invoke() - CORE\src\Http\Runner.php, line 65
DebugKit\Middleware\DebugKitMiddleware::__invoke() - ROOT\vendor\cakephp\debug_kit\src\Middleware\DebugKitMiddleware.php, line 52
Cake\Http\Runner::__invoke() - CORE\src\Http\Runner.php, line 65
Cake\Http\Runner::run() - CORE\src\Http\Runner.php, line 51
Cake\Http\Server::run() - CORE\src\Http\Server.php, line 80
[main] - ROOT\webroot\index.php, line 37



2017-10-02 07:35:43 Warning: Warning (512): Unable to emit headers. Headers sent in file=C:\xampp\htdocs\bongdak.com\vendor\cakephp\cakephp\src\Error\Debugger.php line=822 in [C:\xampp\htdocs\bongdak.com\vendor\cakephp\cakephp\src\Http\ResponseEmitter.php, line 48]
Request URL: /upload/add
Referer URL: http://localhost:8080/bongdak.com/upload/add
Trace:
Cake\Error\BaseErrorHandler::handleError() - CORE\src\Error\BaseErrorHandler.php, line 153
Cake\Http\ResponseEmitter::emit() - CORE\src\Http\ResponseEmitter.php, line 48
Cake\Http\Server::emit() - CORE\src\Http\Server.php, line 105
[main] - ROOT\webroot\index.php, line 37



2017-10-02 07:35:43 Warning: Warning (2): Cannot modify header information - headers already sent by (output started at C:\xampp\htdocs\bongdak.com\vendor\cakephp\cakephp\src\Error\Debugger.php:822) in [C:\xampp\htdocs\bongdak.com\vendor\cakephp\cakephp\src\Http\ResponseEmitter.php, line 149]
Request URL: /upload/add
Referer URL: http://localhost:8080/bongdak.com/upload/add
Trace:
Cake\Error\BaseErrorHandler::handleError() - CORE\src\Error\BaseErrorHandler.php, line 153
header - [internal], line ??
Cake\Http\ResponseEmitter::emitStatusLine() - CORE\src\Http\ResponseEmitter.php, line 149
Cake\Http\ResponseEmitter::emit() - CORE\src\Http\ResponseEmitter.php, line 54
Cake\Http\Server::emit() - CORE\src\Http\Server.php, line 105
[main] - ROOT\webroot\index.php, line 37



2017-10-02 07:35:43 Warning: Warning (2): Cannot modify header information - headers already sent by (output started at C:\xampp\htdocs\bongdak.com\vendor\cakephp\cakephp\src\Error\Debugger.php:822) in [C:\xampp\htdocs\bongdak.com\vendor\cakephp\cakephp\src\Http\ResponseEmitter.php, line 181]
Request URL: /upload/add
Referer URL: http://localhost:8080/bongdak.com/upload/add
Trace:
Cake\Error\BaseErrorHandler::handleError() - CORE\src\Error\BaseErrorHandler.php, line 153
header - [internal], line ??
Cake\Http\ResponseEmitter::emitHeaders() - CORE\src\Http\ResponseEmitter.php, line 181
Cake\Http\ResponseEmitter::emit() - CORE\src\Http\ResponseEmitter.php, line 55
Cake\Http\Server::emit() - CORE\src\Http\Server.php, line 105
[main] - ROOT\webroot\index.php, line 37



2017-10-02 07:35:43 Warning: Warning (2): Cannot modify header information - headers already sent by (output started at C:\xampp\htdocs\bongdak.com\vendor\cakephp\cakephp\src\Error\Debugger.php:822) in [C:\xampp\htdocs\bongdak.com\vendor\cakephp\cakephp\src\Http\ResponseEmitter.php, line 181]
Request URL: /upload/add
Referer URL: http://localhost:8080/bongdak.com/upload/add
Trace:
Cake\Error\BaseErrorHandler::handleError() - CORE\src\Error\BaseErrorHandler.php, line 153
header - [internal], line ??
Cake\Http\ResponseEmitter::emitHeaders() - CORE\src\Http\ResponseEmitter.php, line 181
Cake\Http\ResponseEmitter::emit() - CORE\src\Http\ResponseEmitter.php, line 55
Cake\Http\Server::emit() - CORE\src\Http\Server.php, line 105
[main] - ROOT\webroot\index.php, line 37



2017-10-02 07:36:03 Warning: Warning (2): move_uploaded_file(C:\xampp\htdocs\bongdak.com\src\webroot\uploads\camera.jpg): failed to open stream: No such file or directory in [C:\xampp\htdocs\bongdak.com\src\Controller\UploadsController.php, line 32]
Request URL: /upload/add
Referer URL: http://localhost:8080/bongdak.com/upload/add
Trace:
Cake\Error\BaseErrorHandler::handleError() - CORE\src\Error\BaseErrorHandler.php, line 153
move_uploaded_file - [internal], line ??
App\Controller\UploadsController::add() - APP/Controller\UploadsController.php, line 32
Cake\Controller\Controller::invokeAction() - CORE\src\Controller\Controller.php, line 440
Cake\Http\ActionDispatcher::_invoke() - CORE\src\Http\ActionDispatcher.php, line 119
Cake\Http\ActionDispatcher::dispatch() - CORE\src\Http\ActionDispatcher.php, line 93
Cake\Http\BaseApplication::__invoke() - CORE\src\Http\BaseApplication.php, line 78
Cake\Http\Runner::__invoke() - CORE\src\Http\Runner.php, line 65
Cake\Routing\Middleware\RoutingMiddleware::__invoke() - CORE\src\Routing\Middleware\RoutingMiddleware.php, line 59
Cake\Http\Runner::__invoke() - CORE\src\Http\Runner.php, line 65
Cake\Routing\Middleware\AssetMiddleware::__invoke() - CORE\src\Routing\Middleware\AssetMiddleware.php, line 88
Cake\Http\Runner::__invoke() - CORE\src\Http\Runner.php, line 65
Cake\Error\Middleware\ErrorHandlerMiddleware::__invoke() - CORE\src\Error\Middleware\ErrorHandlerMiddleware.php, line 92
Cake\Http\Runner::__invoke() - CORE\src\Http\Runner.php, line 65
DebugKit\Middleware\DebugKitMiddleware::__invoke() - ROOT\vendor\cakephp\debug_kit\src\Middleware\DebugKitMiddleware.php, line 52
Cake\Http\Runner::__invoke() - CORE\src\Http\Runner.php, line 65
Cake\Http\Runner::run() - CORE\src\Http\Runner.php, line 51
Cake\Http\Server::run() - CORE\src\Http\Server.php, line 80
[main] - ROOT\webroot\index.php, line 37



2017-10-02 07:36:03 Warning: Warning (2): move_uploaded_file() [<a href='https://secure.php.net/function.move-uploaded-file'>function.move-uploaded-file</a>]: Unable to move 'C:\xampp\tmp\phpA954.tmp' to 'C:\xampp\htdocs\bongdak.com\src\webroot\uploads\camera.jpg' in [C:\xampp\htdocs\bongdak.com\src\Controller\UploadsController.php, line 32]
Request URL: /upload/add
Referer URL: http://localhost:8080/bongdak.com/upload/add
Trace:
Cake\Error\BaseErrorHandler::handleError() - CORE\src\Error\BaseErrorHandler.php, line 153
move_uploaded_file - [internal], line ??
App\Controller\UploadsController::add() - APP/Controller\UploadsController.php, line 32
Cake\Controller\Controller::invokeAction() - CORE\src\Controller\Controller.php, line 440
Cake\Http\ActionDispatcher::_invoke() - CORE\src\Http\ActionDispatcher.php, line 119
Cake\Http\ActionDispatcher::dispatch() - CORE\src\Http\ActionDispatcher.php, line 93
Cake\Http\BaseApplication::__invoke() - CORE\src\Http\BaseApplication.php, line 78
Cake\Http\Runner::__invoke() - CORE\src\Http\Runner.php, line 65
Cake\Routing\Middleware\RoutingMiddleware::__invoke() - CORE\src\Routing\Middleware\RoutingMiddleware.php, line 59
Cake\Http\Runner::__invoke() - CORE\src\Http\Runner.php, line 65
Cake\Routing\Middleware\AssetMiddleware::__invoke() - CORE\src\Routing\Middleware\AssetMiddleware.php, line 88
Cake\Http\Runner::__invoke() - CORE\src\Http\Runner.php, line 65
Cake\Error\Middleware\ErrorHandlerMiddleware::__invoke() - CORE\src\Error\Middleware\ErrorHandlerMiddleware.php, line 92
Cake\Http\Runner::__invoke() - CORE\src\Http\Runner.php, line 65
DebugKit\Middleware\DebugKitMiddleware::__invoke() - ROOT\vendor\cakephp\debug_kit\src\Middleware\DebugKitMiddleware.php, line 52
Cake\Http\Runner::__invoke() - CORE\src\Http\Runner.php, line 65
Cake\Http\Runner::run() - CORE\src\Http\Runner.php, line 51
Cake\Http\Server::run() - CORE\src\Http\Server.php, line 80
[main] - ROOT\webroot\index.php, line 37



2017-10-02 07:36:03 Warning: Warning (512): Unable to emit headers. Headers sent in file=C:\xampp\htdocs\bongdak.com\vendor\cakephp\cakephp\src\Error\Debugger.php line=822 in [C:\xampp\htdocs\bongdak.com\vendor\cakephp\cakephp\src\Http\ResponseEmitter.php, line 48]
Request URL: /upload/add
Referer URL: http://localhost:8080/bongdak.com/upload/add
Trace:
Cake\Error\BaseErrorHandler::handleError() - CORE\src\Error\BaseErrorHandler.php, line 153
Cake\Http\ResponseEmitter::emit() - CORE\src\Http\ResponseEmitter.php, line 48
Cake\Http\Server::emit() - CORE\src\Http\Server.php, line 105
[main] - ROOT\webroot\index.php, line 37



2017-10-02 07:36:03 Warning: Warning (2): Cannot modify header information - headers already sent by (output started at C:\xampp\htdocs\bongdak.com\vendor\cakephp\cakephp\src\Error\Debugger.php:822) in [C:\xampp\htdocs\bongdak.com\vendor\cakephp\cakephp\src\Http\ResponseEmitter.php, line 149]
Request URL: /upload/add
Referer URL: http://localhost:8080/bongdak.com/upload/add
Trace:
Cake\Error\BaseErrorHandler::handleError() - CORE\src\Error\BaseErrorHandler.php, line 153
header - [internal], line ??
Cake\Http\ResponseEmitter::emitStatusLine() - CORE\src\Http\ResponseEmitter.php, line 149
Cake\Http\ResponseEmitter::emit() - CORE\src\Http\ResponseEmitter.php, line 54
Cake\Http\Server::emit() - CORE\src\Http\Server.php, line 105
[main] - ROOT\webroot\index.php, line 37



2017-10-02 07:36:03 Warning: Warning (2): Cannot modify header information - headers already sent by (output started at C:\xampp\htdocs\bongdak.com\vendor\cakephp\cakephp\src\Error\Debugger.php:822) in [C:\xampp\htdocs\bongdak.com\vendor\cakephp\cakephp\src\Http\ResponseEmitter.php, line 181]
Request URL: /upload/add
Referer URL: http://localhost:8080/bongdak.com/upload/add
Trace:
Cake\Error\BaseErrorHandler::handleError() - CORE\src\Error\BaseErrorHandler.php, line 153
header - [internal], line ??
Cake\Http\ResponseEmitter::emitHeaders() - CORE\src\Http\ResponseEmitter.php, line 181
Cake\Http\ResponseEmitter::emit() - CORE\src\Http\ResponseEmitter.php, line 55
Cake\Http\Server::emit() - CORE\src\Http\Server.php, line 105
[main] - ROOT\webroot\index.php, line 37



2017-10-02 07:36:03 Warning: Warning (2): Cannot modify header information - headers already sent by (output started at C:\xampp\htdocs\bongdak.com\vendor\cakephp\cakephp\src\Error\Debugger.php:822) in [C:\xampp\htdocs\bongdak.com\vendor\cakephp\cakephp\src\Http\ResponseEmitter.php, line 181]
Request URL: /upload/add
Referer URL: http://localhost:8080/bongdak.com/upload/add
Trace:
Cake\Error\BaseErrorHandler::handleError() - CORE\src\Error\BaseErrorHandler.php, line 153
header - [internal], line ??
Cake\Http\ResponseEmitter::emitHeaders() - CORE\src\Http\ResponseEmitter.php, line 181
Cake\Http\ResponseEmitter::emit() - CORE\src\Http\ResponseEmitter.php, line 55
Cake\Http\Server::emit() - CORE\src\Http\Server.php, line 105
[main] - ROOT\webroot\index.php, line 37



2017-10-02 07:41:47 Warning: Warning (2): move_uploaded_file(C:\xampp\htdocs\bongdak.com\src\webroot\uploads\camera.jpg): failed to open stream: No such file or directory in [C:\xampp\htdocs\bongdak.com\src\Controller\UploadsController.php, line 33]
Request URL: /upload/add
Referer URL: http://localhost:8080/bongdak.com/upload/add
Trace:
Cake\Error\BaseErrorHandler::handleError() - CORE\src\Error\BaseErrorHandler.php, line 153
move_uploaded_file - [internal], line ??
App\Controller\UploadsController::add() - APP/Controller\UploadsController.php, line 33
Cake\Controller\Controller::invokeAction() - CORE\src\Controller\Controller.php, line 440
Cake\Http\ActionDispatcher::_invoke() - CORE\src\Http\ActionDispatcher.php, line 119
Cake\Http\ActionDispatcher::dispatch() - CORE\src\Http\ActionDispatcher.php, line 93
Cake\Http\BaseApplication::__invoke() - CORE\src\Http\BaseApplication.php, line 78
Cake\Http\Runner::__invoke() - CORE\src\Http\Runner.php, line 65
Cake\Routing\Middleware\RoutingMiddleware::__invoke() - CORE\src\Routing\Middleware\RoutingMiddleware.php, line 59
Cake\Http\Runner::__invoke() - CORE\src\Http\Runner.php, line 65
Cake\Routing\Middleware\AssetMiddleware::__invoke() - CORE\src\Routing\Middleware\AssetMiddleware.php, line 88
Cake\Http\Runner::__invoke() - CORE\src\Http\Runner.php, line 65
Cake\Error\Middleware\ErrorHandlerMiddleware::__invoke() - CORE\src\Error\Middleware\ErrorHandlerMiddleware.php, line 92
Cake\Http\Runner::__invoke() - CORE\src\Http\Runner.php, line 65
DebugKit\Middleware\DebugKitMiddleware::__invoke() - ROOT\vendor\cakephp\debug_kit\src\Middleware\DebugKitMiddleware.php, line 52
Cake\Http\Runner::__invoke() - CORE\src\Http\Runner.php, line 65
Cake\Http\Runner::run() - CORE\src\Http\Runner.php, line 51
Cake\Http\Server::run() - CORE\src\Http\Server.php, line 80
[main] - ROOT\webroot\index.php, line 37



2017-10-02 07:41:47 Warning: Warning (2): move_uploaded_file() [<a href='https://secure.php.net/function.move-uploaded-file'>function.move-uploaded-file</a>]: Unable to move 'C:\xampp\tmp\phpEA1E.tmp' to 'C:\xampp\htdocs\bongdak.com\src\webroot\uploads\camera.jpg' in [C:\xampp\htdocs\bongdak.com\src\Controller\UploadsController.php, line 33]
Request URL: /upload/add
Referer URL: http://localhost:8080/bongdak.com/upload/add
Trace:
Cake\Error\BaseErrorHandler::handleError() - CORE\src\Error\BaseErrorHandler.php, line 153
move_uploaded_file - [internal], line ??
App\Controller\UploadsController::add() - APP/Controller\UploadsController.php, line 33
Cake\Controller\Controller::invokeAction() - CORE\src\Controller\Controller.php, line 440
Cake\Http\ActionDispatcher::_invoke() - CORE\src\Http\ActionDispatcher.php, line 119
Cake\Http\ActionDispatcher::dispatch() - CORE\src\Http\ActionDispatcher.php, line 93
Cake\Http\BaseApplication::__invoke() - CORE\src\Http\BaseApplication.php, line 78
Cake\Http\Runner::__invoke() - CORE\src\Http\Runner.php, line 65
Cake\Routing\Middleware\RoutingMiddleware::__invoke() - CORE\src\Routing\Middleware\RoutingMiddleware.php, line 59
Cake\Http\Runner::__invoke() - CORE\src\Http\Runner.php, line 65
Cake\Routing\Middleware\AssetMiddleware::__invoke() - CORE\src\Routing\Middleware\AssetMiddleware.php, line 88
Cake\Http\Runner::__invoke() - CORE\src\Http\Runner.php, line 65
Cake\Error\Middleware\ErrorHandlerMiddleware::__invoke() - CORE\src\Error\Middleware\ErrorHandlerMiddleware.php, line 92
Cake\Http\Runner::__invoke() - CORE\src\Http\Runner.php, line 65
DebugKit\Middleware\DebugKitMiddleware::__invoke() - ROOT\vendor\cakephp\debug_kit\src\Middleware\DebugKitMiddleware.php, line 52
Cake\Http\Runner::__invoke() - CORE\src\Http\Runner.php, line 65
Cake\Http\Runner::run() - CORE\src\Http\Runner.php, line 51
Cake\Http\Server::run() - CORE\src\Http\Server.php, line 80
[main] - ROOT\webroot\index.php, line 37



2017-10-02 07:41:48 Warning: Warning (512): Unable to emit headers. Headers sent in file=C:\xampp\htdocs\bongdak.com\vendor\cakephp\cakephp\src\Error\Debugger.php line=822 in [C:\xampp\htdocs\bongdak.com\vendor\cakephp\cakephp\src\Http\ResponseEmitter.php, line 48]
Request URL: /upload/add
Referer URL: http://localhost:8080/bongdak.com/upload/add
Trace:
Cake\Error\BaseErrorHandler::handleError() - CORE\src\Error\BaseErrorHandler.php, line 153
Cake\Http\ResponseEmitter::emit() - CORE\src\Http\ResponseEmitter.php, line 48
Cake\Http\Server::emit() - CORE\src\Http\Server.php, line 105
[main] - ROOT\webroot\index.php, line 37



2017-10-02 07:41:48 Warning: Warning (2): Cannot modify header information - headers already sent by (output started at C:\xampp\htdocs\bongdak.com\vendor\cakephp\cakephp\src\Error\Debugger.php:822) in [C:\xampp\htdocs\bongdak.com\vendor\cakephp\cakephp\src\Http\ResponseEmitter.php, line 149]
Request URL: /upload/add
Referer URL: http://localhost:8080/bongdak.com/upload/add
Trace:
Cake\Error\BaseErrorHandler::handleError() - CORE\src\Error\BaseErrorHandler.php, line 153
header - [internal], line ??
Cake\Http\ResponseEmitter::emitStatusLine() - CORE\src\Http\ResponseEmitter.php, line 149
Cake\Http\ResponseEmitter::emit() - CORE\src\Http\ResponseEmitter.php, line 54
Cake\Http\Server::emit() - CORE\src\Http\Server.php, line 105
[main] - ROOT\webroot\index.php, line 37



2017-10-02 07:41:48 Warning: Warning (2): Cannot modify header information - headers already sent by (output started at C:\xampp\htdocs\bongdak.com\vendor\cakephp\cakephp\src\Error\Debugger.php:822) in [C:\xampp\htdocs\bongdak.com\vendor\cakephp\cakephp\src\Http\ResponseEmitter.php, line 181]
Request URL: /upload/add
Referer URL: http://localhost:8080/bongdak.com/upload/add
Trace:
Cake\Error\BaseErrorHandler::handleError() - CORE\src\Error\BaseErrorHandler.php, line 153
header - [internal], line ??
Cake\Http\ResponseEmitter::emitHeaders() - CORE\src\Http\ResponseEmitter.php, line 181
Cake\Http\ResponseEmitter::emit() - CORE\src\Http\ResponseEmitter.php, line 55
Cake\Http\Server::emit() - CORE\src\Http\Server.php, line 105
[main] - ROOT\webroot\index.php, line 37



2017-10-02 07:41:48 Warning: Warning (2): Cannot modify header information - headers already sent by (output started at C:\xampp\htdocs\bongdak.com\vendor\cakephp\cakephp\src\Error\Debugger.php:822) in [C:\xampp\htdocs\bongdak.com\vendor\cakephp\cakephp\src\Http\ResponseEmitter.php, line 181]
Request URL: /upload/add
Referer URL: http://localhost:8080/bongdak.com/upload/add
Trace:
Cake\Error\BaseErrorHandler::handleError() - CORE\src\Error\BaseErrorHandler.php, line 153
header - [internal], line ??
Cake\Http\ResponseEmitter::emitHeaders() - CORE\src\Http\ResponseEmitter.php, line 181
Cake\Http\ResponseEmitter::emit() - CORE\src\Http\ResponseEmitter.php, line 55
Cake\Http\Server::emit() - CORE\src\Http\Server.php, line 105
[main] - ROOT\webroot\index.php, line 37



2017-10-02 07:51:46 Warning: Warning (2): move_uploaded_file(C:\xampp\htdocs\bongdak.com\src\/uploads\camera.jpg): failed to open stream: No such file or directory in [C:\xampp\htdocs\bongdak.com\src\Controller\UploadsController.php, line 33]
Request URL: /upload/add
Referer URL: http://localhost:8080/bongdak.com/upload/add
Trace:
Cake\Error\BaseErrorHandler::handleError() - CORE\src\Error\BaseErrorHandler.php, line 153
move_uploaded_file - [internal], line ??
App\Controller\UploadsController::add() - APP/Controller\UploadsController.php, line 33
Cake\Controller\Controller::invokeAction() - CORE\src\Controller\Controller.php, line 440
Cake\Http\ActionDispatcher::_invoke() - CORE\src\Http\ActionDispatcher.php, line 119
Cake\Http\ActionDispatcher::dispatch() - CORE\src\Http\ActionDispatcher.php, line 93
Cake\Http\BaseApplication::__invoke() - CORE\src\Http\BaseApplication.php, line 78
Cake\Http\Runner::__invoke() - CORE\src\Http\Runner.php, line 65
Cake\Routing\Middleware\RoutingMiddleware::__invoke() - CORE\src\Routing\Middleware\RoutingMiddleware.php, line 59
Cake\Http\Runner::__invoke() - CORE\src\Http\Runner.php, line 65
Cake\Routing\Middleware\AssetMiddleware::__invoke() - CORE\src\Routing\Middleware\AssetMiddleware.php, line 88
Cake\Http\Runner::__invoke() - CORE\src\Http\Runner.php, line 65
Cake\Error\Middleware\ErrorHandlerMiddleware::__invoke() - CORE\src\Error\Middleware\ErrorHandlerMiddleware.php, line 92
Cake\Http\Runner::__invoke() - CORE\src\Http\Runner.php, line 65
DebugKit\Middleware\DebugKitMiddleware::__invoke() - ROOT\vendor\cakephp\debug_kit\src\Middleware\DebugKitMiddleware.php, line 52
Cake\Http\Runner::__invoke() - CORE\src\Http\Runner.php, line 65
Cake\Http\Runner::run() - CORE\src\Http\Runner.php, line 51
Cake\Http\Server::run() - CORE\src\Http\Server.php, line 80
[main] - ROOT\webroot\index.php, line 37



2017-10-02 07:51:46 Warning: Warning (2): move_uploaded_file() [<a href='https://secure.php.net/function.move-uploaded-file'>function.move-uploaded-file</a>]: Unable to move 'C:\xampp\tmp\phpC34.tmp' to 'C:\xampp\htdocs\bongdak.com\src\/uploads\camera.jpg' in [C:\xampp\htdocs\bongdak.com\src\Controller\UploadsController.php, line 33]
Request URL: /upload/add
Referer URL: http://localhost:8080/bongdak.com/upload/add
Trace:
Cake\Error\BaseErrorHandler::handleError() - CORE\src\Error\BaseErrorHandler.php, line 153
move_uploaded_file - [internal], line ??
App\Controller\UploadsController::add() - APP/Controller\UploadsController.php, line 33
Cake\Controller\Controller::invokeAction() - CORE\src\Controller\Controller.php, line 440
Cake\Http\ActionDispatcher::_invoke() - CORE\src\Http\ActionDispatcher.php, line 119
Cake\Http\ActionDispatcher::dispatch() - CORE\src\Http\ActionDispatcher.php, line 93
Cake\Http\BaseApplication::__invoke() - CORE\src\Http\BaseApplication.php, line 78
Cake\Http\Runner::__invoke() - CORE\src\Http\Runner.php, line 65
Cake\Routing\Middleware\RoutingMiddleware::__invoke() - CORE\src\Routing\Middleware\RoutingMiddleware.php, line 59
Cake\Http\Runner::__invoke() - CORE\src\Http\Runner.php, line 65
Cake\Routing\Middleware\AssetMiddleware::__invoke() - CORE\src\Routing\Middleware\AssetMiddleware.php, line 88
Cake\Http\Runner::__invoke() - CORE\src\Http\Runner.php, line 65
Cake\Error\Middleware\ErrorHandlerMiddleware::__invoke() - CORE\src\Error\Middleware\ErrorHandlerMiddleware.php, line 92
Cake\Http\Runner::__invoke() - CORE\src\Http\Runner.php, line 65
DebugKit\Middleware\DebugKitMiddleware::__invoke() - ROOT\vendor\cakephp\debug_kit\src\Middleware\DebugKitMiddleware.php, line 52
Cake\Http\Runner::__invoke() - CORE\src\Http\Runner.php, line 65
Cake\Http\Runner::run() - CORE\src\Http\Runner.php, line 51
Cake\Http\Server::run() - CORE\src\Http\Server.php, line 80
[main] - ROOT\webroot\index.php, line 37



2017-10-02 07:51:46 Warning: Warning (512): Unable to emit headers. Headers sent in file=C:\xampp\htdocs\bongdak.com\vendor\cakephp\cakephp\src\Error\Debugger.php line=822 in [C:\xampp\htdocs\bongdak.com\vendor\cakephp\cakephp\src\Http\ResponseEmitter.php, line 48]
Request URL: /upload/add
Referer URL: http://localhost:8080/bongdak.com/upload/add
Trace:
Cake\Error\BaseErrorHandler::handleError() - CORE\src\Error\BaseErrorHandler.php, line 153
Cake\Http\ResponseEmitter::emit() - CORE\src\Http\ResponseEmitter.php, line 48
Cake\Http\Server::emit() - CORE\src\Http\Server.php, line 105
[main] - ROOT\webroot\index.php, line 37



2017-10-02 07:51:46 Warning: Warning (2): Cannot modify header information - headers already sent by (output started at C:\xampp\htdocs\bongdak.com\vendor\cakephp\cakephp\src\Error\Debugger.php:822) in [C:\xampp\htdocs\bongdak.com\vendor\cakephp\cakephp\src\Http\ResponseEmitter.php, line 149]
Request URL: /upload/add
Referer URL: http://localhost:8080/bongdak.com/upload/add
Trace:
Cake\Error\BaseErrorHandler::handleError() - CORE\src\Error\BaseErrorHandler.php, line 153
header - [internal], line ??
Cake\Http\ResponseEmitter::emitStatusLine() - CORE\src\Http\ResponseEmitter.php, line 149
Cake\Http\ResponseEmitter::emit() - CORE\src\Http\ResponseEmitter.php, line 54
Cake\Http\Server::emit() - CORE\src\Http\Server.php, line 105
[main] - ROOT\webroot\index.php, line 37



2017-10-02 07:51:46 Warning: Warning (2): Cannot modify header information - headers already sent by (output started at C:\xampp\htdocs\bongdak.com\vendor\cakephp\cakephp\src\Error\Debugger.php:822) in [C:\xampp\htdocs\bongdak.com\vendor\cakephp\cakephp\src\Http\ResponseEmitter.php, line 181]
Request URL: /upload/add
Referer URL: http://localhost:8080/bongdak.com/upload/add
Trace:
Cake\Error\BaseErrorHandler::handleError() - CORE\src\Error\BaseErrorHandler.php, line 153
header - [internal], line ??
Cake\Http\ResponseEmitter::emitHeaders() - CORE\src\Http\ResponseEmitter.php, line 181
Cake\Http\ResponseEmitter::emit() - CORE\src\Http\ResponseEmitter.php, line 55
Cake\Http\Server::emit() - CORE\src\Http\Server.php, line 105
[main] - ROOT\webroot\index.php, line 37



2017-10-02 07:51:46 Warning: Warning (2): Cannot modify header information - headers already sent by (output started at C:\xampp\htdocs\bongdak.com\vendor\cakephp\cakephp\src\Error\Debugger.php:822) in [C:\xampp\htdocs\bongdak.com\vendor\cakephp\cakephp\src\Http\ResponseEmitter.php, line 181]
Request URL: /upload/add
Referer URL: http://localhost:8080/bongdak.com/upload/add
Trace:
Cake\Error\BaseErrorHandler::handleError() - CORE\src\Error\BaseErrorHandler.php, line 153
header - [internal], line ??
Cake\Http\ResponseEmitter::emitHeaders() - CORE\src\Http\ResponseEmitter.php, line 181
Cake\Http\ResponseEmitter::emit() - CORE\src\Http\ResponseEmitter.php, line 55
Cake\Http\Server::emit() - CORE\src\Http\Server.php, line 105
[main] - ROOT\webroot\index.php, line 37



